This is pdfTeX, Version 3.1415926-2.5-1.40.14 (TeX Live 2013/Debian) (format=latex 2015.1.27)  3 SEP 2015 15:18
entering extended mode
 restricted \write18 enabled.
 %&-line parsing enabled.
**HazardFunctionsForFisheries.tex
(./HazardFunctionsForFisheries.tex
LaTeX2e <2011/06/27>
Babel <3.9h> and hyphenation patterns for 2 languages loaded.
(/usr/share/texlive/texmf-dist/tex/latex/base/article.cls
Document Class: article 2007/10/19 v1.4h Standard LaTeX document class
(/usr/share/texlive/texmf-dist/tex/latex/base/size12.clo
File: size12.clo 2007/10/19 v1.4h Standard LaTeX file (size option)
)
\c@part=\count79
\c@section=\count80
\c@subsection=\count81
\c@subsubsection=\count82
\c@paragraph=\count83
\c@subparagraph=\count84
\c@figure=\count85
\c@table=\count86
\abovecaptionskip=\skip41
\belowcaptionskip=\skip42
\bibindent=\dimen102
)
(/usr/share/texlive/texmf-dist/tex/latex/graphics/graphicx.sty
Package: graphicx 1999/02/16 v1.0f Enhanced LaTeX Graphics (DPC,SPQR)

(/usr/share/texlive/texmf-dist/tex/latex/graphics/keyval.sty
Package: keyval 1999/03/16 v1.13 key=value parser (DPC)
\KV@toks@=\toks14
)
(/usr/share/texlive/texmf-dist/tex/latex/graphics/graphics.sty
Package: graphics 2009/02/05 v1.0o Standard LaTeX Graphics (DPC,SPQR)

(/usr/share/texlive/texmf-dist/tex/latex/graphics/trig.sty
Package: trig 1999/03/16 v1.09 sin cos tan (DPC)
)
(/usr/share/texlive/texmf-dist/tex/latex/latexconfig/graphics.cfg
File: graphics.cfg 2010/04/23 v1.9 graphics configuration of TeX Live
)
Package graphics Info: Driver file: dvips.def on input line 91.

(/usr/share/texlive/texmf-dist/tex/latex/graphics/dvips.def
File: dvips.def 1999/02/16 v3.0i Driver-dependant file (DPC,SPQR)
))
\Gin@req@height=\dimen103
\Gin@req@width=\dimen104
)
(/usr/share/texlive/texmf-dist/tex/latex/natbib/natbib.sty
Package: natbib 2010/09/13 8.31b (PWD, AO)
\bibhang=\skip43
\bibsep=\skip44
LaTeX Info: Redefining \cite on input line 694.
\c@NAT@ctr=\count87
)
(/usr/share/texlive/texmf-dist/tex/latex/amsmath/amsmath.sty
Package: amsmath 2013/01/14 v2.14 AMS math features
\@mathmargin=\skip45

For additional information on amsmath, use the `?' option.
(/usr/share/texlive/texmf-dist/tex/latex/amsmath/amstext.sty
Package: amstext 2000/06/29 v2.01

(/usr/share/texlive/texmf-dist/tex/latex/amsmath/amsgen.sty
File: amsgen.sty 1999/11/30 v2.0
\@emptytoks=\toks15
\ex@=\dimen105
))
(/usr/share/texlive/texmf-dist/tex/latex/amsmath/amsbsy.sty
Package: amsbsy 1999/11/29 v1.2d
\pmbraise@=\dimen106
)
(/usr/share/texlive/texmf-dist/tex/latex/amsmath/amsopn.sty
Package: amsopn 1999/12/14 v2.01 operator names
)
\inf@bad=\count88
LaTeX Info: Redefining \frac on input line 210.
\uproot@=\count89
\leftroot@=\count90
LaTeX Info: Redefining \overline on input line 306.
\classnum@=\count91
\DOTSCASE@=\count92
LaTeX Info: Redefining \ldots on input line 378.
LaTeX Info: Redefining \dots on input line 381.
LaTeX Info: Redefining \cdots on input line 466.
\Mathstrutbox@=\box26
\strutbox@=\box27
\big@size=\dimen107
LaTeX Font Info:    Redeclaring font encoding OML on input line 566.
LaTeX Font Info:    Redeclaring font encoding OMS on input line 567.
\macc@depth=\count93
\c@MaxMatrixCols=\count94
\dotsspace@=\muskip10
\c@parentequation=\count95
\dspbrk@lvl=\count96
\tag@help=\toks16
\row@=\count97
\column@=\count98
\maxfields@=\count99
\andhelp@=\toks17
\eqnshift@=\dimen108
\alignsep@=\dimen109
\tagshift@=\dimen110
\tagwidth@=\dimen111
\totwidth@=\dimen112
\lineht@=\dimen113
\@envbody=\toks18
\multlinegap=\skip46
\multlinetaggap=\skip47
\mathdisplay@stack=\toks19
LaTeX Info: Redefining \[ on input line 2665.
LaTeX Info: Redefining \] on input line 2666.
)
(/usr/share/texlive/texmf-dist/tex/latex/graphics/epsfig.sty
Package: epsfig 1999/02/16 v1.7a (e)psfig emulation (SPQR)
\epsfxsize=\dimen114
\epsfysize=\dimen115
)
(/usr/share/texlive/texmf-dist/tex/generic/epsf/epsf.sty
This is `epsf.tex' v2.7.4 <14 February 2011>
\epsffilein=\read1
\epsfframemargin=\dimen116
\epsfframethickness=\dimen117
\epsfrsize=\dimen118
\epsftmp=\dimen119
\epsftsize=\dimen120
\epsfxsize=\dimen121
\epsfysize=\dimen122
\pspoints=\dimen123
) (/usr/share/texlive/texmf-dist/tex/latex/psfrag/psfrag.sty
Package: psfrag 1998/04/11 v3.04 PSfrag (MCG)
\pfg@pcount=\count100
\pfg@scount=\count101
\pfg@temp=\write3
)
(/usr/share/texlive/texmf-dist/tex/latex/endfloat/endfloat.sty
Package: endfloat 2011/12/25 v2.5d LaTeX2e package puts figures and tables at e
nd (jdm)
\c@postfigure=\count102
\efloat@postfff=\write4
\@ef@fffopen=\count103
\c@posttable=\count104
\efloat@postttt=\write5
\@ef@tttopen=\count105
)
(/usr/share/texlive/texmf-dist/tex/latex/lineno/lineno.sty
Package: lineno 2005/11/02 line numbers on paragraphs v4.41
\linenopenalty=\count106
\output=\toks20
\linenoprevgraf=\count107
\linenumbersep=\dimen124
\linenumberwidth=\dimen125
\c@linenumber=\count108
\c@pagewiselinenumber=\count109
\c@LN@truepage=\count110
\c@internallinenumber=\count111
\c@internallinenumbers=\count112
\quotelinenumbersep=\dimen126
\bframerule=\dimen127
\bframesep=\dimen128
\bframebox=\box28
LaTeX Info: Redefining \\ on input line 3056.
)
(/usr/share/texlive/texmf-dist/tex/latex/url/url.sty
\Urlmuskip=\muskip11
Package: url 2013/09/16  ver 3.4  Verb mode for urls, etc.
)
(/usr/share/texlive/texmf-dist/tex/latex/booktabs/booktabs.sty
Package: booktabs 2005/04/14 v1.61803 publication quality tables
\heavyrulewidth=\dimen129
\lightrulewidth=\dimen130
\cmidrulewidth=\dimen131
\belowrulesep=\dimen132
\belowbottomsep=\dimen133
\aboverulesep=\dimen134
\abovetopsep=\dimen135
\cmidrulesep=\dimen136
\cmidrulekern=\dimen137
\defaultaddspace=\dimen138
\@cmidla=\count113
\@cmidlb=\count114
\@aboverulesep=\dimen139
\@belowrulesep=\dimen140
\@thisruleclass=\count115
\@lastruleclass=\count116
\@thisrulewidth=\dimen141
)
(/usr/share/texlive/texmf-dist/tex/latex/tools/bm.sty
Package: bm 2004/02/26 v1.1c Bold Symbol Support (DPC/FMi)
\symboldoperators=\mathgroup4
\symboldletters=\mathgroup5
\symboldsymbols=\mathgroup6
LaTeX Font Info:    Redeclaring math alphabet \mathbf on input line 138.
LaTeX Info: Redefining \bm on input line 204.
)
(/usr/share/texlive/texmf-dist/tex/latex/rotating/rotating.sty
Package: rotating 2009/03/28 v2.16a rotated objects in LaTeX

(/usr/share/texlive/texmf-dist/tex/latex/base/ifthen.sty
Package: ifthen 2001/05/26 v1.1c Standard LaTeX ifthen package (DPC)
)
\c@r@tfl@t=\count117
\rotFPtop=\skip48
\rotFPbot=\skip49
\rot@float@box=\box29
\rot@mess@toks=\toks21
)
(./HazardFunctionsForFisheries.aux)
\openout1 = `HazardFunctionsForFisheries.aux'.

LaTeX Font Info:    Checking defaults for OML/cmm/m/it on input line 37.
LaTeX Font Info:    ... okay on input line 37.
LaTeX Font Info:    Checking defaults for T1/cmr/m/n on input line 37.
LaTeX Font Info:    ... okay on input line 37.
LaTeX Font Info:    Checking defaults for OT1/cmr/m/n on input line 37.
LaTeX Font Info:    ... okay on input line 37.
LaTeX Font Info:    Checking defaults for OMS/cmsy/m/n on input line 37.
LaTeX Font Info:    ... okay on input line 37.
LaTeX Font Info:    Checking defaults for OMX/cmex/m/n on input line 37.
LaTeX Font Info:    ... okay on input line 37.
LaTeX Font Info:    Checking defaults for U/cmr/m/n on input line 37.
LaTeX Font Info:    ... okay on input line 37.
 [1

]
Underfull \hbox (badness 10000) in paragraph at lines 72--73

 []


Underfull \hbox (badness 10000) in paragraph at lines 74--75

 []

[2]
Underfull \hbox (badness 10000) in paragraph at lines 76--77

 []

[3]
Underfull \hbox (badness 10000) in paragraph at lines 80--81

 []


Overfull \hbox (4.3795pt too wide) in paragraph at lines 84--84
[]\OT1/cmr/bx/n/14.4 The like-li-hood for con-stant nat-u-ral and fish-ing mor-

 []

[4] [5]
Underfull \hbox (badness 10000) in paragraph at lines 135--136

 []

[6] [7]
Overfull \hbox (5.66089pt too wide) in paragraph at lines 195--195
[] 
 []

[8]
Underfull \hbox (badness 10000) in paragraph at lines 212--213

 []

[9]
Overfull \hbox (22.09898pt too wide) detected at line 218
\OML/cmm/m/it/12 g[]\OT1/cmr/m/n/12 (\OML/cmm/m/it/12 t\OT1/cmr/m/n/12 ; \OML/c
mm/b/it/12 ^^R\OT1/cmr/m/n/12 ) = []
 []


Underfull \hbox (badness 10000) in paragraph at lines 231--232

 []

[10]
\openout5 = `HazardFunctionsForFisheries.ttt'.

 (HazardFunctionsForFisheries.ttt) [11]
Underfull \hbox (badness 10000) in paragraph at lines 272--274

 []

[12]
Underfull \hbox (badness 10000) in paragraph at lines 281--282

 []


Underfull \hbox (badness 10000) in paragraph at lines 319--320

 []

[13]
Underfull \hbox (badness 10000) in paragraph at lines 321--322

 []


Underfull \hbox (badness 10000) in paragraph at lines 346--347

 []

[14]
\openout4 = `HazardFunctionsForFisheries.fff'.

 (HazardFunctionsForFisheries.fff)
Underfull \hbox (badness 10000) in paragraph at lines 370--371

 []


Underfull \hbox (badness 10000) in paragraph at lines 372--373

 []


Underfull \hbox (badness 10000) in paragraph at lines 374--375

 []

[15]
Underfull \hbox (badness 10000) in paragraph at lines 390--391

 []


Underfull \hbox (badness 10000) in paragraph at lines 428--429

 []

[16]
Underfull \hbox (badness 10000) in paragraph at lines 431--432

 []


Underfull \hbox (badness 10000) in paragraph at lines 433--434

 []

[17]
Underfull \hbox (badness 10000) in paragraph at lines 439--440

 []


Underfull \hbox (badness 10000) in paragraph at lines 450--451

 []

[18]
Overfull \hbox (0.2529pt too wide) in paragraph at lines 463--464
\OT1/cmr/m/n/12 stock as-sess-ment (Maun-der and Punt, 2013) as it pro-vided an
 ef-fi-cient method
 []

[19]
LaTeX Font Info:    Try loading font information for OMS+cmr on input line 502.

 (/usr/share/texlive/texmf-dist/tex/latex/base/omscmr.fd
File: omscmr.fd 1999/05/25 v2.5h Standard LaTeX font definitions
)
LaTeX Font Info:    Font shape `OMS/cmr/m/n' in size <12> not available
(Font)              Font shape `OMS/cmsy/m/n' tried instead on input line 502.
 [20

] [21]
(./HazardFunctionsForFisheries.bbl [22

]
Missing character: There is no â in font cmr12!
Missing character: There is no € in font cmr12!
Missing character: There is no “ in font cmr12!
)
AED endfloat: Processing end Figures and Tables [23]
(./HazardFunctionsForFisheries.fff
File: Estimating-NaturalMortality.ps Graphic file (type eps)
 <Estimating-NaturalMortality.ps>
Overfull \hbox (102.29443pt too wide) in paragraph at lines 5--7
 [][] 
 []

[24]
File: Estimating-Catchability.ps Graphic file (type eps)
 <Estimating-Catchability.ps>
Overfull \hbox (102.29443pt too wide) in paragraph at lines 16--18
 [][] 
 []

[25]
File: ComparisonOfNegLL.ps Graphic file (type eps)
 <ComparisonOfNegLL.ps>
Overfull \hbox (102.29443pt too wide) in paragraph at lines 27--29
 [][] 
 []

[26]) (./HazardFunctionsForFisheries.ttt [27






] [28] [29


] [30

] [31

])
(./HazardFunctionsForFisheries.aux) ) 
Here is how much of TeX's memory you used:
 2467 strings out of 495029
 31282 string characters out of 6181523
 106446 words of memory out of 5000000
 5641 multiletter control sequences out of 15000+600000
 18607 words of font info for 65 fonts, out of 8000000 for 9000
 14 hyphenation exceptions out of 8191
 36i,22n,27p,1378b,376s stack positions out of 5000i,500n,10000p,200000b,80000s

Output written on HazardFunctionsForFisheries.dvi (31 pages, 71440 bytes).
