This is pdfTeX, Version 3.1415926-2.5-1.40.14 (TeX Live 2013/Debian) (format=latex 2015.9.14)  23 MAR 2016 11:31
entering extended mode
 restricted \write18 enabled.
 %&-line parsing enabled.
**PostJABESsubmission-AddressingColleaguesComments.tex
(./PostJABESsubmission-AddressingColleaguesComments.tex
LaTeX2e <2011/06/27>
Babel <3.9h> and hyphenation patterns for 78 languages loaded.
(/usr/share/texlive/texmf-dist/tex/latex/base/article.cls
Document Class: article 2007/10/19 v1.4h Standard LaTeX document class
(/usr/share/texlive/texmf-dist/tex/latex/base/size11.clo
File: size11.clo 2007/10/19 v1.4h Standard LaTeX file (size option)
)
\c@part=\count79
\c@section=\count80
\c@subsection=\count81
\c@subsubsection=\count82
\c@paragraph=\count83
\c@subparagraph=\count84
\c@figure=\count85
\c@table=\count86
\abovecaptionskip=\skip41
\belowcaptionskip=\skip42
\bibindent=\dimen102
)
(/usr/share/texlive/texmf-dist/tex/latex/tools/verbatim.sty
Package: verbatim 2003/08/22 v1.5q LaTeX2e package for verbatim enhancements
\every@verbatim=\toks14
\verbatim@line=\toks15
\verbatim@in@stream=\read1
)
(/usr/share/texmf/tex/latex/html/html.sty
Package: html 1999/07/19 v1.38 hypertext commands for latex2html (nd, hws, rrm)

\c@lpart=\count87
\c@lchapter=\count88
\c@chapter=\count89
\c@lsection=\count90
\c@lsubsection=\count91
\c@lsubsubsection=\count92
\c@lparagraph=\count93
\c@lsubparagraph=\count94
\c@lsubsubparagraph=\count95
\ptrfile=\write3
)
(/usr/share/texlive/texmf-dist/tex/latex/graphics/graphicx.sty
Package: graphicx 1999/02/16 v1.0f Enhanced LaTeX Graphics (DPC,SPQR)

(/usr/share/texlive/texmf-dist/tex/latex/graphics/keyval.sty
Package: keyval 1999/03/16 v1.13 key=value parser (DPC)
\KV@toks@=\toks16
)
(/usr/share/texlive/texmf-dist/tex/latex/graphics/graphics.sty
Package: graphics 2009/02/05 v1.0o Standard LaTeX Graphics (DPC,SPQR)

(/usr/share/texlive/texmf-dist/tex/latex/graphics/trig.sty
Package: trig 1999/03/16 v1.09 sin cos tan (DPC)
)
(/usr/share/texlive/texmf-dist/tex/latex/latexconfig/graphics.cfg
File: graphics.cfg 2010/04/23 v1.9 graphics configuration of TeX Live
)
Package graphics Info: Driver file: dvips.def on input line 91.

(/usr/share/texlive/texmf-dist/tex/latex/graphics/dvips.def
File: dvips.def 1999/02/16 v3.0i Driver-dependant file (DPC,SPQR)
))
\Gin@req@height=\dimen103
\Gin@req@width=\dimen104
)
(/usr/share/texlive/texmf-dist/tex/latex/setspace/setspace.sty
Package: setspace 2011/12/19 v6.7a set line spacing
)
(/usr/share/texlive/texmf-dist/tex/latex/natbib/natbib.sty
Package: natbib 2010/09/13 8.31b (PWD, AO)
\bibhang=\skip43
\bibsep=\skip44
LaTeX Info: Redefining \cite on input line 694.
\c@NAT@ctr=\count96
)
(./PostJABESsubmission-AddressingColleaguesComments.aux)
\openout1 = `PostJABESsubmission-AddressingColleaguesComments.aux'.

LaTeX Font Info:    Checking defaults for OML/cmm/m/it on input line 31.
LaTeX Font Info:    ... okay on input line 31.
LaTeX Font Info:    Checking defaults for T1/cmr/m/n on input line 31.
LaTeX Font Info:    ... okay on input line 31.
LaTeX Font Info:    Checking defaults for OT1/cmr/m/n on input line 31.
LaTeX Font Info:    ... okay on input line 31.
LaTeX Font Info:    Checking defaults for OMS/cmsy/m/n on input line 31.
LaTeX Font Info:    ... okay on input line 31.
LaTeX Font Info:    Checking defaults for OMX/cmex/m/n on input line 31.
LaTeX Font Info:    ... okay on input line 31.
LaTeX Font Info:    Checking defaults for U/cmr/m/n on input line 31.
LaTeX Font Info:    ... okay on input line 31.
LaTeX Font Info:    External font `cmex10' loaded for size
(Font)              <10.95> on input line 34.
LaTeX Font Info:    External font `cmex10' loaded for size
(Font)              <8> on input line 34.
LaTeX Font Info:    External font `cmex10' loaded for size
(Font)              <6> on input line 34.

Underfull \hbox (badness 10000) in paragraph at lines 34--35

 []


Underfull \hbox (badness 10000) in paragraph at lines 34--35

 []


Underfull \hbox (badness 10000) in paragraph at lines 36--37

 []


Underfull \hbox (badness 10000) in paragraph at lines 38--39

 []


Underfull \hbox (badness 10000) in paragraph at lines 40--41

 []


Underfull \hbox (badness 10000) in paragraph at lines 47--48

 []

Missing character: There is no ‚ in font cmbx10!
Missing character: There is no Ä in font cmbx10!
Missing character: There is no ú in font cmbx10!
Missing character: There is no ‚ in font cmbx10!
Missing character: There is no Ä in font cmbx10!
Missing character: There is no ù in font cmbx10!
Missing character: There is no ‚ in font cmbx10!
Missing character: There is no Ä in font cmbx10!
Missing character: There is no ú in font cmbx10!
Missing character: There is no ‚ in font cmbx10!
Missing character: There is no Ä in font cmbx10!
Missing character: There is no ù in font cmbx10!
Missing character: There is no ‚ in font cmbx10!
Missing character: There is no Ä in font cmbx10!
Missing character: There is no ô in font cmbx10!

Underfull \hbox (badness 10000) in paragraph at lines 51--53

 []

[1

]
Missing character: There is no ‚ in font cmbx10!
Missing character: There is no Ä in font cmbx10!
Missing character: There is no ô in font cmbx10!

Underfull \hbox (badness 10000) in paragraph at lines 54--56

 []

Missing character: There is no ‚ in font cmbx10!
Missing character: There is no Ä in font cmbx10!
Missing character: There is no ô in font cmbx10!
Missing character: There is no ‚ in font cmbx10!
Missing character: There is no Ä in font cmbx10!
Missing character: There is no ô in font cmbx10!

Underfull \hbox (badness 10000) in paragraph at lines 57--59

 []

Missing character: There is no ‚ in font cmbx10!
Missing character: There is no Ä in font cmbx10!
Missing character: There is no ú in font cmbx10!
Missing character: There is no ‚ in font cmbx10!
Missing character: There is no Ä in font cmbx10!
Missing character: There is no ù in font cmbx10!
Missing character: There is no ‚ in font cmbx10!
Missing character: There is no Ä in font cmbx10!
Missing character: There is no ô in font cmbx10!

Package natbib Warning: Citation `kienzle2015' on page 2 undefined on input lin
e 61.


Underfull \hbox (badness 10000) in paragraph at lines 60--62

 []

[2]
LaTeX Font Info:    Try loading font information for OMS+cmr on input line 65.
 (/usr/share/texlive/texmf-dist/tex/latex/base/omscmr.fd
File: omscmr.fd 1999/05/25 v2.5h Standard LaTeX font definitions
)
LaTeX Font Info:    Font shape `OMS/cmr/m/n' in size <10.95> not available
(Font)              Font shape `OMS/cmsy/m/n' tried instead on input line 65.

Underfull \hbox (badness 10000) in paragraph at lines 67--68

 []

Missing character: There is no ‚ in font cmbx10!
Missing character: There is no Ä in font cmbx10!
Missing character: There is no ô in font cmbx10!

Underfull \hbox (badness 10000) in paragraph at lines 69--72

 []


Underfull \hbox (badness 10000) in paragraph at lines 74--78

 []

[3]
Underfull \hbox (badness 10000) in paragraph at lines 79--81

 []


Underfull \hbox (badness 10000) in paragraph at lines 82--84

 []


Underfull \hbox (badness 10000) in paragraph at lines 85--88

 []


Underfull \hbox (badness 10000) in paragraph at lines 89--90

 []


Underfull \hbox (badness 10000) in paragraph at lines 91--93

 []

[4]
Underfull \hbox (badness 10000) in paragraph at lines 94--96

 []


Underfull \hbox (badness 10000) in paragraph at lines 97--99

 []


Underfull \hbox (badness 10000) in paragraph at lines 100--102

 []


Underfull \hbox (badness 10000) in paragraph at lines 103--105

 []


Underfull \hbox (badness 10000) in paragraph at lines 106--109

 []

Missing character: There is no ‚ in font cmbx10!
Missing character: There is no Ä in font cmbx10!
Missing character: There is no ú in font cmbx10!
Missing character: There is no ‚ in font cmbx10!
Missing character: There is no Ä in font cmbx10!
Missing character: There is no ù in font cmbx10!

Underfull \hbox (badness 10000) in paragraph at lines 110--112

 []

[5]
Missing character: There is no ‚ in font cmbx10!
Missing character: There is no Ä in font cmbx10!
Missing character: There is no ú in font cmbx10!
Missing character: There is no ‚ in font cmbx10!
Missing character: There is no Ä in font cmbx10!
Missing character: There is no ù in font cmbx10!
Missing character: There is no ‚ in font cmbx10!
Missing character: There is no Ä in font cmbx10!
Missing character: There is no ú in font cmbx10!
Missing character: There is no ‚ in font cmbx10!
Missing character: There is no Ä in font cmbx10!
Missing character: There is no ù in font cmbx10!
Missing character: There is no ‚ in font cmbx10!
Missing character: There is no Ä in font cmbx10!
Missing character: There is no ú in font cmbx10!
Missing character: There is no ‚ in font cmbx10!
Missing character: There is no Ä in font cmbx10!
Missing character: There is no ù in font cmbx10!

Underfull \hbox (badness 10000) in paragraph at lines 113--115

 []


Package natbib Warning: Citation `Bell2005r' on page 6 undefined on input line 
119.


Underfull \hbox (badness 10000) in paragraph at lines 118--120

 []


Underfull \hbox (badness 10000) in paragraph at lines 122--123

 []

[6]
Underfull \hbox (badness 10000) in paragraph at lines 127--129

 []


Underfull \hbox (badness 10000) in paragraph at lines 130--132

 []


Underfull \hbox (badness 10000) in paragraph at lines 133--134

 []


Underfull \hbox (badness 10000) in paragraph at lines 135--137

 []


Underfull \hbox (badness 10000) in paragraph at lines 138--140

 []


Underfull \hbox (badness 10000) in paragraph at lines 141--143

 []


Underfull \hbox (badness 10000) in paragraph at lines 144--146

 []

[7]
Underfull \hbox (badness 10000) in paragraph at lines 147--149

 []


Underfull \hbox (badness 10000) in paragraph at lines 150--152

 []


Underfull \hbox (badness 10000) in paragraph at lines 153--155

 []


Underfull \hbox (badness 10000) in paragraph at lines 156--158

 []


Underfull \hbox (badness 10000) in paragraph at lines 159--161

 []


Underfull \hbox (badness 10000) in paragraph at lines 162--164

 []


Underfull \hbox (badness 10000) in paragraph at lines 165--167

 []

Missing character: There is no ‚ in font cmbx10!
Missing character: There is no Ä in font cmbx10!
Missing character: There is no ì in font cmbx10!
Missing character: There is no ‚ in font cmbx10!
Missing character: There is no Ä in font cmbx10!
Missing character: There is no ô in font cmbx10!
[8]
Underfull \hbox (badness 10000) in paragraph at lines 172--173

 []

Missing character: There is no ‚ in font cmbx10!
Missing character: There is no Ä in font cmbx10!
Missing character: There is no ú in font cmbx10!
Missing character: There is no ‚ in font cmbx10!
Missing character: There is no Ä in font cmbx10!
Missing character: There is no ù in font cmbx10!
[9]
Missing character: There is no ‚ in font cmbx10!
Missing character: There is no Ä in font cmbx10!
Missing character: There is no ì in font cmbx10!

Underfull \hbox (badness 10000) in paragraph at lines 196--197

 []


Underfull \hbox (badness 10000) in paragraph at lines 202--203

 []


Underfull \hbox (badness 10000) in paragraph at lines 204--205

 []


Underfull \hbox (badness 10000) in paragraph at lines 206--207

 []

[10]
Underfull \hbox (badness 10000) in paragraph at lines 208--209

 []

No file http://frdc.com.au/research/Documents/Final_reports/2010-061-DLD.pdf (l
ast accessed 27th October 2015)..

Underfull \hbox (badness 10000) in paragraph at lines 210--211

 []


Underfull \hbox (badness 10000) in paragraph at lines 212--213

 []

(./PostJABESsubmission-AddressingColleaguesComments.bbl)

Package natbib Warning: There were undefined citations.

[11] (./PostJABESsubmission-AddressingColleaguesComments.aux

Package natbib Warning: Citation(s) may have changed.
(natbib)                Rerun to get citations correct.

) ) 
Here is how much of TeX's memory you used:
 1243 strings out of 493305
 16037 string characters out of 6139897
 73404 words of memory out of 5000000
 4736 multiletter control sequences out of 15000+600000
 7991 words of font info for 28 fonts, out of 8000000 for 9000
 957 hyphenation exceptions out of 8191
 25i,5n,20p,1107b,226s stack positions out of 5000i,500n,10000p,200000b,80000s

Output written on PostJABESsubmission-AddressingColleaguesComments.dvi (11 page
s, 41212 bytes).
