This is pdfTeX, Version 3.1415926-2.5-1.40.14 (TeX Live 2013/Debian) (format=latex 2015.1.12)  12 JAN 2015 18:40
entering extended mode
 restricted \write18 enabled.
 %&-line parsing enabled.
**Kienzle-SurvivalAnalysis-CJFASversion.tex
(./Kienzle-SurvivalAnalysis-CJFASversion.tex
LaTeX2e <2011/06/27>
Babel <3.9h> and hyphenation patterns for 6 languages loaded.
(/usr/share/texmf/tex/latex/nrc/nrc2.cls
Document Class: nrc2 2013/02/02 v2.01a NRC 2-column journal class
(/usr/share/texlive/texmf-dist/tex/latex/base/article.cls
Document Class: article 2007/10/19 v1.4h Standard LaTeX document class
(/usr/share/texlive/texmf-dist/tex/latex/base/leqno.clo
File: leqno.clo 1998/08/17 v1.1c Standard LaTeX option (left equation numbers)
)
(/usr/share/texlive/texmf-dist/tex/latex/base/fleqn.clo
File: fleqn.clo 1998/08/17 v1.1c Standard LaTeX option (flush left equations)
\mathindent=\dimen102
)
(/usr/share/texlive/texmf-dist/tex/latex/base/size10.clo
File: size10.clo 2007/10/19 v1.4h Standard LaTeX file (size option)
)
\c@part=\count79
\c@section=\count80
\c@subsection=\count81
\c@subsubsection=\count82
\c@paragraph=\count83
\c@subparagraph=\count84
\c@figure=\count85
\c@table=\count86
\abovecaptionskip=\skip41
\belowcaptionskip=\skip42
\bibindent=\dimen103
)

Class nrc2 Warning: GUTenberg Babel french style detected -- 
(nrc2)              some corruption of NRC-defined format may occur.

(/usr/share/texlive/texmf-dist/tex/latex/tools/multicol.sty
Package: multicol 2011/06/27 v1.7a multicolumn formatting (FMi)
\c@tracingmulticols=\count87
\mult@box=\box26
\multicol@leftmargin=\dimen104
\c@unbalance=\count88
\c@collectmore=\count89
\doublecol@number=\count90
\multicoltolerance=\count91
\multicolpretolerance=\count92
\full@width=\dimen105
\page@free=\dimen106
\premulticols=\dimen107
\postmulticols=\dimen108
\multicolsep=\skip43
\multicolbaselineskip=\skip44
\partial@page=\box27
\last@line=\box28
\mult@rightbox=\box29
\mult@grightbox=\box30
\mult@gfirstbox=\box31
\mult@firstbox=\box32
\@tempa=\box33
\@tempa=\box34
\@tempa=\box35
\@tempa=\box36
\@tempa=\box37
\@tempa=\box38
\@tempa=\box39
\@tempa=\box40
\@tempa=\box41
\@tempa=\box42
\@tempa=\box43
\@tempa=\box44
\@tempa=\box45
\@tempa=\box46
\@tempa=\box47
\@tempa=\box48
\@tempa=\box49
\c@columnbadness=\count93
\c@finalcolumnbadness=\count94
\last@try=\dimen109
\multicolovershoot=\dimen110
\multicolundershoot=\dimen111
\mult@nat@firstbox=\box50
\colbreak@box=\box51
\multicol@sort@counter=\count95
)
\NRC@columnwidth=\dimen112
\NRC@leftbox=\box52
\NRC@rightbox=\box53
\@tempboxb=\box54
\NRC@theIDbox=\box55
\NRC@abstract@toks=\toks14
\NRC@resume@toks=\toks15
\NRC@topcaptcounter=\count96
\captionwidth=\dimen113
)
(/usr/share/texlive/texmf-dist/tex/generic/babel/babel.sty
Package: babel 2013/12/03 3.9h The Babel package

(/usr/share/texlive/texmf-dist/tex/generic/babel-english/english.ldf
Language: english 2012/08/20 v3.3p English support from the babel system

(/usr/share/texlive/texmf-dist/tex/generic/babel/babel.def
File: babel.def 2013/12/03 3.9h Babel common definitions
\babel@savecnt=\count97
\U@D=\dimen114
)
\l@canadian = a dialect from \language\l@american 
\l@australian = a dialect from \language\l@british 
\l@newzealand = a dialect from \language\l@british 
))
(/usr/share/texlive/texmf-dist/tex/latex/lineno/lineno.sty
Package: lineno 2005/11/02 line numbers on paragraphs v4.41
\linenopenalty=\count98
\output=\toks16
\linenoprevgraf=\count99
\linenumbersep=\dimen115
\linenumberwidth=\dimen116
\c@linenumber=\count100
\c@pagewiselinenumber=\count101
\c@LN@truepage=\count102
\c@internallinenumber=\count103
\c@internallinenumbers=\count104
\quotelinenumbersep=\dimen117
\bframerule=\dimen118
\bframesep=\dimen119
\bframebox=\box56
LaTeX Info: Redefining \\ on input line 3056.
)
(/usr/share/texlive/texmf-dist/tex/latex/natbib/natbib.sty
Package: natbib 2010/09/13 8.31b (PWD, AO)
\bibhang=\skip45
\bibsep=\skip46
LaTeX Info: Redefining \cite on input line 694.
\c@NAT@ctr=\count105
)
(/usr/share/texlive/texmf-dist/tex/latex/amsmath/amsmath.sty
Package: amsmath 2013/01/14 v2.14 AMS math features
\@mathmargin=\skip47

For additional information on amsmath, use the `?' option.
(/usr/share/texlive/texmf-dist/tex/latex/amsmath/amstext.sty
Package: amstext 2000/06/29 v2.01

(/usr/share/texlive/texmf-dist/tex/latex/amsmath/amsgen.sty
File: amsgen.sty 1999/11/30 v2.0
\@emptytoks=\toks17
\ex@=\dimen120
))
(/usr/share/texlive/texmf-dist/tex/latex/amsmath/amsbsy.sty
Package: amsbsy 1999/11/29 v1.2d
\pmbraise@=\dimen121
)
(/usr/share/texlive/texmf-dist/tex/latex/amsmath/amsopn.sty
Package: amsopn 1999/12/14 v2.01 operator names
)
\inf@bad=\count106
LaTeX Info: Redefining \frac on input line 210.
\uproot@=\count107
\leftroot@=\count108
LaTeX Info: Redefining \overline on input line 306.
\classnum@=\count109
\DOTSCASE@=\count110
LaTeX Info: Redefining \ldots on input line 378.
LaTeX Info: Redefining \dots on input line 381.
LaTeX Info: Redefining \cdots on input line 466.
\Mathstrutbox@=\box57
\strutbox@=\box58
\big@size=\dimen122
LaTeX Font Info:    Redeclaring font encoding OML on input line 566.
LaTeX Font Info:    Redeclaring font encoding OMS on input line 567.
\macc@depth=\count111
\c@MaxMatrixCols=\count112
\dotsspace@=\muskip10
\c@parentequation=\count113
\dspbrk@lvl=\count114
\tag@help=\toks18
\row@=\count115
\column@=\count116
\maxfields@=\count117
\andhelp@=\toks19
\eqnshift@=\dimen123
\alignsep@=\dimen124
\tagshift@=\dimen125
\tagwidth@=\dimen126
\totwidth@=\dimen127
\lineht@=\dimen128
\@envbody=\toks20
\multlinegap=\skip48
\multlinetaggap=\skip49
\mathdisplay@stack=\toks21
LaTeX Info: Redefining \[ on input line 2665.
LaTeX Info: Redefining \] on input line 2666.
)
(/usr/share/texlive/texmf-dist/tex/latex/amsfonts/amssymb.sty
Package: amssymb 2013/01/14 v3.01 AMS font symbols

(/usr/share/texlive/texmf-dist/tex/latex/amsfonts/amsfonts.sty
Package: amsfonts 2013/01/14 v3.01 Basic AMSFonts support
\symAMSa=\mathgroup4
\symAMSb=\mathgroup5
LaTeX Font Info:    Overwriting math alphabet `\mathfrak' in version `bold'
(Font)                  U/euf/m/n --> U/euf/b/n on input line 106.
))
(./Kienzle-SurvivalAnalysis-CJFASversion.aux)
\openout1 = `Kienzle-SurvivalAnalysis-CJFASversion.aux'.

LaTeX Font Info:    Checking defaults for OML/cmm/m/it on input line 13.
LaTeX Font Info:    ... okay on input line 13.
LaTeX Font Info:    Checking defaults for T1/cmr/m/n on input line 13.
LaTeX Font Info:    ... okay on input line 13.
LaTeX Font Info:    Checking defaults for OT1/cmr/m/n on input line 13.
LaTeX Font Info:    ... okay on input line 13.
LaTeX Font Info:    Checking defaults for OMS/cmsy/m/n on input line 13.
LaTeX Font Info:    ... okay on input line 13.
LaTeX Font Info:    Checking defaults for OMX/cmex/m/n on input line 13.
LaTeX Font Info:    ... okay on input line 13.
LaTeX Font Info:    Checking defaults for U/cmr/m/n on input line 13.
LaTeX Font Info:    ... okay on input line 13.
LaTeX Font Info:    Try loading font information for OT1+ptm on input line 13.

(/usr/share/texlive/texmf-dist/tex/latex/psnfss/ot1ptm.fd
File: ot1ptm.fd 2001/06/04 font definitions for OT1/ptm.
)
LaTeX Font Info:    Try loading font information for OT1+phv on input line 13.

(/usr/share/texlive/texmf-dist/tex/latex/psnfss/ot1phv.fd
File: ot1phv.fd 2001/06/04 scalable font definitions for OT1/phv.
)
LaTeX Font Info:    Font shape `OT1/phv/c/n' in size <18> not available
(Font)              Font shape `OT1/phv/b/n' tried instead on input line 40.
LaTeX Font Info:    Font shape `OT1/phv/c/n' in size <11> not available
(Font)              Font shape `OT1/phv/b/n' tried instead on input line 40.
LaTeX Font Info:    Font shape `OT1/ptm/bx/n' in size <9> not available
(Font)              Font shape `OT1/ptm/b/n' tried instead on input line 40.
LaTeX Font Info:    Try loading font information for U+msa on input line 40.

(/usr/share/texlive/texmf-dist/tex/latex/amsfonts/umsa.fd
File: umsa.fd 2013/01/14 v3.01 AMS symbols A
)
LaTeX Font Info:    Try loading font information for U+msb on input line 40.

(/usr/share/texlive/texmf-dist/tex/latex/amsfonts/umsb.fd
File: umsb.fd 2013/01/14 v3.01 AMS symbols B
)
LaTeX Font Info:    Font shape `OT1/ptm/bx/n' in size <6> not available
(Font)              Font shape `OT1/ptm/b/n' tried instead on input line 40.

Overfull \hbox (2.04105pt too wide) in paragraph at lines 40--40
[][]\OT1/ptm/m/n/9 Corresponding au-thor (e-mail: Marco.Kienzle@daff.qld.gov.au
).|  
 []

(./abstract.tex)

Class nrc2 Warning: One of abstract and resume missing on input line 40.

(./introduction.tex
Underfull \hbox (badness 10000) in paragraph at lines 1--2

 []


Overfull \hbox (5.06767pt too wide) in paragraph at lines 3--4
[]\OT1/ptm/m/n/10 The de-ter-min-is-tic ex-po-nen-tial model in Bara-nov's catc
h equa-
 []


Underfull \hbox (badness 10000) in paragraph at lines 3--4

 []

)
Overfull \hbox (5.42702pt too wide) in paragraph at lines 5--43
[]\OT1/ptm/m/n/10 Despite the com-mon-al-i-ties be-tween sur-vival anal-y-sis f
or med-
 []


Underfull \hbox (badness 10000) in paragraph at lines 5--43

 []

(./Generalities.tex
Underfull \hbox (badness 10000) in paragraph at lines 1--2

 []

LaTeX Font Info:    Font shape `OT1/phv/l/n' in size <9> not available
(Font)              Font shape `OT1/phv/m/n' tried instead on input line 4.
LaTeX Font Info:    Font shape `OT1/ptm/bx/n' in size <8> not available
(Font)              Font shape `OT1/ptm/b/n' tried instead on input line 4.
[1


])
LaTeX Font Info:    Font shape `OT1/ptm/bx/n' in size <10> not available
(Font)              Font shape `OT1/ptm/b/n' tried instead on input line 48.
 (./ConstantNaturalAndFishingMortality-CJFASformat.tex
Overfull \hbox (3.55522pt too wide) in paragraph at lines 52--52
[] 
 []


Overfull \hbox (7.69737pt too wide) in paragraph at lines 60--61
\OT1/ptm/m/n/10 maximum-likelihood us-ing a sam-ple of catch at age. This metho
d
 []


Underfull \hbox (badness 10000) in paragraph at lines 60--61

 []

) (./EstimatingQandM-CJFASformat.tex
Overfull \hbox (8.5878pt too wide) in paragraph at lines 12--12
[] 
 []

[2]
Overfull \hbox (70.45927pt too wide) in paragraph at lines 28--28
[] 
 []


Overfull \hbox (19.39726pt too wide) in paragraph at lines 41--42
\OT1/ptm/m/n/10 us-ing the fol-low-ing com-mands: \OT1/ptm/b/n/10 li-brary(SAFR
); ex-am-ple(llfunc2)\OT1/ptm/m/n/10 . 
 []


Underfull \hbox (badness 10000) in paragraph at lines 41--42

 []

) (./EstimatesFromCatchAtAgeMatrices.tex

LaTeX Warning: Reference `Appendix:DefinitionsOfMathematicalSymbols' on page 3 
undefined on input line 1.


Underfull \hbox (badness 10000) in paragraph at lines 1--2

 []


Overfull \hbox (154.51132pt too wide) detected at line 7
 $\OML/cmm/m/it/10 g[]\OT1/cmr/m/n/10 (\OML/cmm/m/it/10 t\OT1/cmr/m/n/10 ; \OML
/cmm/m/it/10 ^^R\OT1/cmr/m/n/10 ) = []$  
 []


Underfull \hbox (badness 10000) in paragraph at lines 20--21

 []

)
Underfull \hbox (badness 10000) in paragraph at lines 22--56

 []

(./SimulationTesting.tex

LaTeX Warning: Reference `tab:SimulationParameters.tex' on page 3 undefined on 
input line 1.

! Undefined control sequence.
\@thehead ...@encoding \sfdefault ln\@shortauthor 
                                                  \hfill \ifNRC@pagewithfile...
l.5 \end{equation}
                  
? 
[3]

LaTeX Warning: Reference `Appendix:DefinitionsOfMathematicalSymbols' on page 4 
undefined on input line 13.


Underfull \hbox (badness 10000) in paragraph at lines 20--22

 []

) (./SeaMulletData.tex

LaTeX Warning: Reference `tab:Mullet-NbAtAge' on page 4 undefined on input line
 1.


Overfull \hbox (14.82718pt too wide) in paragraph at lines 1--2
[]\OT1/ptm/m/n/10 The strad-dling Sea Mul-let (\OT1/ptm/m/it/10 Mugil cephalus\
OT1/ptm/m/n/10 ) pop-u-la-tion stretches
 []


Underfull \hbox (badness 10000) in paragraph at lines 1--2

 []


Underfull \hbox (badness 10000) in paragraph at lines 3--4

 []


Underfull \hbox (badness 10000) in paragraph at lines 5--6

 []

) (./Kienzle-SurvivalAnalysis.bbl [4]
Missing character: There is no â in font ptmr7t!
Missing character: There is no € in font ptmr7t!
Missing character: There is no “ in font ptmr7t!
)
! Undefined control sequence.
\@thehead ...@encoding \sfdefault ln\@shortauthor 
                                                  \hfill \ifNRC@pagewithfile...
l.70 \end{document}
                   
? 
[5

] (./Kienzle-SurvivalAnalysis-CJFASversion.aux)

LaTeX Warning: There were undefined references.

 ) 
Here is how much of TeX's memory you used:
 2776 strings out of 494959
 35624 string characters out of 6179239
 107720 words of memory out of 5000000
 5972 multiletter control sequences out of 15000+600000
 18261 words of font info for 53 fonts, out of 8000000 for 9000
 36 hyphenation exceptions out of 8191
 31i,16n,26p,1326b,281s stack positions out of 5000i,500n,10000p,200000b,80000s

Output written on Kienzle-SurvivalAnalysis-CJFASversion.dvi (5 pages, 39184 byt
es).
