Hmm ... looks like a package

This is pdfTeX, Version 3.1415926-2.5-1.40.14 (TeX Live 2013/Debian)
 restricted \write18 enabled.
entering extended mode
LaTeX2e <2011/06/27>
Babel <3.9h> and hyphenation patterns for 2 languages loaded.
(./Rd2.tex
(/usr/share/texlive/texmf-dist/tex/latex/base/book.cls
Document Class: book 2007/10/19 v1.4h Standard LaTeX document class
(/usr/share/texlive/texmf-dist/tex/latex/base/bk10.clo))
(/usr/share/R/share/texmf/tex/latex/Rd.sty
(/usr/share/texlive/texmf-dist/tex/latex/base/ifthen.sty)
(/usr/share/texlive/texmf-dist/tex/latex/tools/longtable.sty)
(/usr/share/texlive/texmf-dist/tex/latex/tools/bm.sty)
(/usr/share/texlive/texmf-dist/tex/latex/base/alltt.sty)
(/usr/share/texlive/texmf-dist/tex/latex/tools/verbatim.sty)
(/usr/share/texlive/texmf-dist/tex/latex/url/url.sty)
(/usr/share/texlive/texmf-dist/tex/latex/base/textcomp.sty
(/usr/share/texlive/texmf-dist/tex/latex/base/ts1enc.def))
(/usr/share/texlive/texmf-dist/tex/latex/base/fontenc.sty
(/usr/share/texlive/texmf-dist/tex/latex/base/t1enc.def))
(/usr/share/texlive/texmf-dist/tex/latex/psnfss/times.sty)
(/usr/share/texlive/texmf-dist/tex/latex/inconsolata/inconsolata.sty
(/usr/share/texlive/texmf-dist/tex/latex/graphics/keyval.sty))
(/usr/share/texlive/texmf-dist/tex/latex/graphics/color.sty
(/etc/texmf/tex/latex/config/color.cfg)
(/usr/share/texlive/texmf-dist/tex/latex/pdftex-def/pdftex.def
(/usr/share/texlive/texmf-dist/tex/generic/oberdiek/infwarerr.sty)
(/usr/share/texlive/texmf-dist/tex/generic/oberdiek/ltxcmds.sty)))
(/usr/share/texlive/texmf-dist/tex/latex/hyperref/hyperref.sty
(/usr/share/texlive/texmf-dist/tex/generic/oberdiek/hobsub-hyperref.sty
(/usr/share/texlive/texmf-dist/tex/generic/oberdiek/hobsub-generic.sty))
(/usr/share/texlive/texmf-dist/tex/generic/ifxetex/ifxetex.sty)
(/usr/share/texlive/texmf-dist/tex/latex/oberdiek/auxhook.sty)
(/usr/share/texlive/texmf-dist/tex/latex/oberdiek/kvoptions.sty)
(/usr/share/texlive/texmf-dist/tex/latex/hyperref/pd1enc.def)
(/usr/share/texlive/texmf-dist/tex/latex/latexconfig/hyperref.cfg))

Package hyperref Message: Driver (autodetected): hpdftex.

(/usr/share/texlive/texmf-dist/tex/latex/hyperref/hpdftex.def
(/usr/share/texlive/texmf-dist/tex/latex/oberdiek/rerunfilecheck.sty))

Package hyperref Warning: Option `hyperindex' has already been used,
(hyperref)                setting the option has no effect on input line 361.


Package hyperref Warning: Option `pagebackref' has already been used,
(hyperref)                setting the option has no effect on input line 361.

) (/usr/share/texlive/texmf-dist/tex/latex/base/makeidx.sty)
(/usr/share/texlive/texmf-dist/tex/latex/base/inputenc.sty
(/usr/share/texlive/texmf-dist/tex/latex/base/utf8.def
(/usr/share/texlive/texmf-dist/tex/latex/base/t1enc.dfu)
(/usr/share/texlive/texmf-dist/tex/latex/base/ot1enc.dfu)
(/usr/share/texlive/texmf-dist/tex/latex/base/omsenc.dfu)
(/usr/share/texlive/texmf-dist/tex/latex/base/ts1enc.dfu))
(/usr/share/texlive/texmf-dist/tex/latex/base/latin1.def))
Writing index file Rd2.idx
No file Rd2.aux.
(/usr/share/texlive/texmf-dist/tex/latex/base/ts1cmr.fd)
(/usr/share/texlive/texmf-dist/tex/latex/psnfss/t1ptm.fd)
(/usr/share/texlive/texmf-dist/tex/latex/upquote/upquote.sty)
(/usr/share/texlive/texmf-dist/tex/context/base/supp-pdf.mkii
[Loading MPS to PDF converter (version 2006.09.02).]
) (/usr/share/texlive/texmf-dist/tex/latex/hyperref/nameref.sty
(/usr/share/texlive/texmf-dist/tex/generic/oberdiek/gettitlestring.sty))
(/usr/share/texlive/texmf-dist/tex/latex/inconsolata/t1zi4.fd)
(/usr/share/texlive/texmf-dist/tex/latex/psnfss/t1phv.fd)
(/usr/share/texlive/texmf-dist/tex/latex/base/utf8.def)
(/usr/share/texlive/texmf-dist/tex/latex/base/utf8.def) [1{/var/lib/texmf/fonts
/map/pdftex/updmap/pdftex.map}]
(/usr/share/texlive/texmf-dist/tex/latex/base/utf8.def) [2]
(/usr/share/texlive/texmf-dist/tex/latex/base/utf8.def) [3]
Overfull \hbox (54.78091pt too wide) in paragraph at lines 194--194
 []\T1/zi4/m/n/9 print(paste("Estimated Z is", round(result$par,3), "+-", round
(sqrt(diag(solve(result$hessian))),3)))[] 
(/usr/share/texlive/texmf-dist/tex/latex/base/utf8.def) [4]
Overfull \hbox (116.88092pt too wide) in paragraph at lines 271--271
 []\T1/zi4/m/n/9 print(paste("Estimated catchability is", round(best.qM.est$par
[1],3), "+-", round(errors[1],3), as.character(csf)))[] 
(/usr/share/texlive/texmf-dist/tex/latex/base/utf8.def) [5]
Overfull \hbox (34.08096pt too wide) in paragraph at lines 313--313
 []\T1/zi4/m/n/9 sim <- GenerateData2(max.age = max.age, nb.of.cohort = 30) # G
enerate catch using gear selectivity[] 

Overfull \hbox (670.3811pt too wide) in paragraph at lines 316--316
 []\T1/zi4/m/n/9 result <- optim(par = c(0.2,1), fn = llfunc3, catch = sim$catc
h, effort = sim$effort, catchability.scaling.factor = 1e-4, selectivity.at.age 
=  c(0,0,seq(1/(max.age - 3), (max.age - 4)/(max.age - 3), length = max.age - 4
), 1,1), hessian = TRUE)[] 

Overfull \hbox (61.08093pt too wide) in paragraph at lines 319--319
 []\T1/zi4/m/n/9 print(paste("Estimated catchability is", round(result$par[1],3
), "+-", round(errors[1],3), " x 10^-4"))[] 
(/usr/share/texlive/texmf-dist/tex/latex/base/utf8.def) [6]
Overfull \hbox (34.08096pt too wide) in paragraph at lines 358--358
 []\T1/zi4/m/n/9 sim <- GenerateData2(max.age = max.age, nb.of.cohort = 30) # G
enerate catch using gear selectivity[] 

Overfull \hbox (403.98102pt too wide) in paragraph at lines 361--361
 []\T1/zi4/m/n/9 result2 <- optim(par = c(0.2,1, c(rep(1e-12,5), rep(1, max.age
-5))), fn = llfunc4, catch = sim$catch, effort = sim$effort, catchability.scali
ng.factor = 1e-4, method = c("L-BFGS-B"),[] 

Overfull \hbox (168.18103pt too wide) in paragraph at lines 362--362
 []       \T1/zi4/m/n/9 lower = c(5e-2,5e-2, rep(1e-12, max.age)), upper = c(10
,0.5, rep(1, max.age)), hessian = TRUE, control = list(maxit = 1e3))[] 
(/usr/share/texlive/texmf-dist/tex/latex/base/utf8.def) [7]
Overfull \hbox (34.08096pt too wide) in paragraph at lines 403--403
 []\T1/zi4/m/n/9 sim <- GenerateData2(max.age = max.age, nb.of.cohort = 30) # G
enerate catch using gear selectivity[] 

Overfull \hbox (342.781pt too wide) in paragraph at lines 406--406
 []\T1/zi4/m/n/9 result3 <- optim(par = c(0.2,1, rep(1e-12,max.age-2)), fn = ll
func5, catch = sim$catch, effort = sim$effort, catchability.scaling.factor = 1e
-4, method = c("L-BFGS-B"),[] 

Overfull \hbox (186.18103pt too wide) in paragraph at lines 407--407
 []       \T1/zi4/m/n/9 lower = c(5e-2,5e-2, rep(1e-12, max.age-2)), upper = c(
10,0.5, rep(1, max.age-2)), hessian = TRUE, control = list(maxit = 1e3))[] 
(/usr/share/texlive/texmf-dist/tex/latex/base/utf8.def) [8]
(/usr/share/texlive/texmf-dist/tex/latex/base/utf8.def)
(/usr/share/texlive/texmf-dist/tex/latex/base/utf8.def) [9]
No file Rd2.ind.
[10] (./Rd2.aux)

Package rerunfilecheck Warning: File `Rd2.out' has changed.
(rerunfilecheck)                Rerun to get outlines right
(rerunfilecheck)                or use package `bookmark'.

 )
(see the transcript file for additional information){/usr/share/texlive/texmf-d
ist/fonts/enc/dvips/base/8r.enc}{/usr/share/texlive/texmf-dist/fonts/enc/dvips/
inconsolata/i4-t1-0.enc}</usr/share/texlive/texmf-dist/fonts/type1/public/incon
solata/Inconsolata-zi4r.pfb></usr/share/texlive/texmf-dist/fonts/type1/urw/helv
etic/uhvr8a.pfb></usr/share/texlive/texmf-dist/fonts/type1/urw/times/utmb8a.pfb
></usr/share/texlive/texmf-dist/fonts/type1/urw/times/utmr8a.pfb></usr/share/te
xlive/texmf-dist/fonts/type1/urw/times/utmr8a.pfb></usr/share/texlive/texmf-dis
t/fonts/type1/urw/times/utmri8a.pfb>
Output written on Rd2.pdf (10 pages, 96701 bytes).
Transcript written on Rd2.log.
This is makeindex, version 2.15 [TeX Live 2013] (kpathsea + Thai support).
Scanning input file Rd2.idx....done (22 entries accepted, 0 rejected).
Sorting entries....done (102 comparisons).
Generating output file Rd2.ind....done (48 lines written, 0 warnings).
Output written in Rd2.ind.
Transcript written in Rd2.ilg.
This is pdfTeX, Version 3.1415926-2.5-1.40.14 (TeX Live 2013/Debian)
 restricted \write18 enabled.
entering extended mode
LaTeX2e <2011/06/27>
Babel <3.9h> and hyphenation patterns for 2 languages loaded.
(./Rd2.tex
(/usr/share/texlive/texmf-dist/tex/latex/base/book.cls
Document Class: book 2007/10/19 v1.4h Standard LaTeX document class
(/usr/share/texlive/texmf-dist/tex/latex/base/bk10.clo))
(/usr/share/R/share/texmf/tex/latex/Rd.sty
(/usr/share/texlive/texmf-dist/tex/latex/base/ifthen.sty)
(/usr/share/texlive/texmf-dist/tex/latex/tools/longtable.sty)
(/usr/share/texlive/texmf-dist/tex/latex/tools/bm.sty)
(/usr/share/texlive/texmf-dist/tex/latex/base/alltt.sty)
(/usr/share/texlive/texmf-dist/tex/latex/tools/verbatim.sty)
(/usr/share/texlive/texmf-dist/tex/latex/url/url.sty)
(/usr/share/texlive/texmf-dist/tex/latex/base/textcomp.sty
(/usr/share/texlive/texmf-dist/tex/latex/base/ts1enc.def))
(/usr/share/texlive/texmf-dist/tex/latex/base/fontenc.sty
(/usr/share/texlive/texmf-dist/tex/latex/base/t1enc.def))
(/usr/share/texlive/texmf-dist/tex/latex/psnfss/times.sty)
(/usr/share/texlive/texmf-dist/tex/latex/inconsolata/inconsolata.sty
(/usr/share/texlive/texmf-dist/tex/latex/graphics/keyval.sty))
(/usr/share/texlive/texmf-dist/tex/latex/graphics/color.sty
(/etc/texmf/tex/latex/config/color.cfg)
(/usr/share/texlive/texmf-dist/tex/latex/pdftex-def/pdftex.def
(/usr/share/texlive/texmf-dist/tex/generic/oberdiek/infwarerr.sty)
(/usr/share/texlive/texmf-dist/tex/generic/oberdiek/ltxcmds.sty)))
(/usr/share/texlive/texmf-dist/tex/latex/hyperref/hyperref.sty
(/usr/share/texlive/texmf-dist/tex/generic/oberdiek/hobsub-hyperref.sty
(/usr/share/texlive/texmf-dist/tex/generic/oberdiek/hobsub-generic.sty))
(/usr/share/texlive/texmf-dist/tex/generic/ifxetex/ifxetex.sty)
(/usr/share/texlive/texmf-dist/tex/latex/oberdiek/auxhook.sty)
(/usr/share/texlive/texmf-dist/tex/latex/oberdiek/kvoptions.sty)
(/usr/share/texlive/texmf-dist/tex/latex/hyperref/pd1enc.def)
(/usr/share/texlive/texmf-dist/tex/latex/latexconfig/hyperref.cfg))

Package hyperref Message: Driver (autodetected): hpdftex.

(/usr/share/texlive/texmf-dist/tex/latex/hyperref/hpdftex.def
(/usr/share/texlive/texmf-dist/tex/latex/oberdiek/rerunfilecheck.sty))

Package hyperref Warning: Option `hyperindex' has already been used,
(hyperref)                setting the option has no effect on input line 361.


Package hyperref Warning: Option `pagebackref' has already been used,
(hyperref)                setting the option has no effect on input line 361.

) (/usr/share/texlive/texmf-dist/tex/latex/base/makeidx.sty)
(/usr/share/texlive/texmf-dist/tex/latex/base/inputenc.sty
(/usr/share/texlive/texmf-dist/tex/latex/base/utf8.def
(/usr/share/texlive/texmf-dist/tex/latex/base/t1enc.dfu)
(/usr/share/texlive/texmf-dist/tex/latex/base/ot1enc.dfu)
(/usr/share/texlive/texmf-dist/tex/latex/base/omsenc.dfu)
(/usr/share/texlive/texmf-dist/tex/latex/base/ts1enc.dfu))
(/usr/share/texlive/texmf-dist/tex/latex/base/latin1.def))
Writing index file Rd2.idx
(./Rd2.aux) (/usr/share/texlive/texmf-dist/tex/latex/base/ts1cmr.fd)
(/usr/share/texlive/texmf-dist/tex/latex/psnfss/t1ptm.fd)
(/usr/share/texlive/texmf-dist/tex/latex/upquote/upquote.sty)
(/usr/share/texlive/texmf-dist/tex/context/base/supp-pdf.mkii
[Loading MPS to PDF converter (version 2006.09.02).]
) (/usr/share/texlive/texmf-dist/tex/latex/hyperref/nameref.sty
(/usr/share/texlive/texmf-dist/tex/generic/oberdiek/gettitlestring.sty))
(./Rd2.out) (./Rd2.out)
(/usr/share/texlive/texmf-dist/tex/latex/inconsolata/t1zi4.fd)
(/usr/share/texlive/texmf-dist/tex/latex/psnfss/t1phv.fd) (./Rd2.toc)
(/usr/share/texlive/texmf-dist/tex/latex/base/utf8.def) [1{/var/lib/texmf/fonts
/map/pdftex/updmap/pdftex.map}]
(/usr/share/texlive/texmf-dist/tex/latex/base/utf8.def) [2]
(/usr/share/texlive/texmf-dist/tex/latex/base/utf8.def)
(/usr/share/texlive/texmf-dist/tex/latex/base/utf8.def) [3] [4]
Overfull \hbox (54.78091pt too wide) in paragraph at lines 194--194
 []\T1/zi4/m/n/9 print(paste("Estimated Z is", round(result$par,3), "+-", round
(sqrt(diag(solve(result$hessian))),3)))[] 
(/usr/share/texlive/texmf-dist/tex/latex/base/utf8.def) [5]
Overfull \hbox (116.88092pt too wide) in paragraph at lines 271--271
 []\T1/zi4/m/n/9 print(paste("Estimated catchability is", round(best.qM.est$par
[1],3), "+-", round(errors[1],3), as.character(csf)))[] 
(/usr/share/texlive/texmf-dist/tex/latex/base/utf8.def) [6]
Overfull \hbox (34.08096pt too wide) in paragraph at lines 313--313
 []\T1/zi4/m/n/9 sim <- GenerateData2(max.age = max.age, nb.of.cohort = 30) # G
enerate catch using gear selectivity[] 

Overfull \hbox (670.3811pt too wide) in paragraph at lines 316--316
 []\T1/zi4/m/n/9 result <- optim(par = c(0.2,1), fn = llfunc3, catch = sim$catc
h, effort = sim$effort, catchability.scaling.factor = 1e-4, selectivity.at.age 
=  c(0,0,seq(1/(max.age - 3), (max.age - 4)/(max.age - 3), length = max.age - 4
), 1,1), hessian = TRUE)[] 

Overfull \hbox (61.08093pt too wide) in paragraph at lines 319--319
 []\T1/zi4/m/n/9 print(paste("Estimated catchability is", round(result$par[1],3
), "+-", round(errors[1],3), " x 10^-4"))[] 
(/usr/share/texlive/texmf-dist/tex/latex/base/utf8.def)
Overfull \hbox (34.08096pt too wide) in paragraph at lines 358--358
 []\T1/zi4/m/n/9 sim <- GenerateData2(max.age = max.age, nb.of.cohort = 30) # G
enerate catch using gear selectivity[] 

Overfull \hbox (403.98102pt too wide) in paragraph at lines 361--361
 []\T1/zi4/m/n/9 result2 <- optim(par = c(0.2,1, c(rep(1e-12,5), rep(1, max.age
-5))), fn = llfunc4, catch = sim$catch, effort = sim$effort, catchability.scali
ng.factor = 1e-4, method = c("L-BFGS-B"),[] 
[7]
Overfull \hbox (168.18103pt too wide) in paragraph at lines 362--362
 []       \T1/zi4/m/n/9 lower = c(5e-2,5e-2, rep(1e-12, max.age)), upper = c(10
,0.5, rep(1, max.age)), hessian = TRUE, control = list(maxit = 1e3))[] 
(/usr/share/texlive/texmf-dist/tex/latex/base/utf8.def)
Overfull \hbox (34.08096pt too wide) in paragraph at lines 403--403
 []\T1/zi4/m/n/9 sim <- GenerateData2(max.age = max.age, nb.of.cohort = 30) # G
enerate catch using gear selectivity[] 

Overfull \hbox (342.781pt too wide) in paragraph at lines 406--406
 []\T1/zi4/m/n/9 result3 <- optim(par = c(0.2,1, rep(1e-12,max.age-2)), fn = ll
func5, catch = sim$catch, effort = sim$effort, catchability.scaling.factor = 1e
-4, method = c("L-BFGS-B"),[] 

Overfull \hbox (186.18103pt too wide) in paragraph at lines 407--407
 []       \T1/zi4/m/n/9 lower = c(5e-2,5e-2, rep(1e-12, max.age-2)), upper = c(
10,0.5, rep(1, max.age-2)), hessian = TRUE, control = list(maxit = 1e3))[] 
[8] (/usr/share/texlive/texmf-dist/tex/latex/base/utf8.def)
(/usr/share/texlive/texmf-dist/tex/latex/base/utf8.def)
(/usr/share/texlive/texmf-dist/tex/latex/base/utf8.def) [9] (./Rd2.ind [10]
[11]) (./Rd2.aux)

Package rerunfilecheck Warning: File `Rd2.out' has changed.
(rerunfilecheck)                Rerun to get outlines right
(rerunfilecheck)                or use package `bookmark'.

 )
(see the transcript file for additional information){/usr/share/texlive/texmf-d
ist/fonts/enc/dvips/base/8r.enc}{/usr/share/texlive/texmf-dist/fonts/enc/dvips/
inconsolata/i4-t1-0.enc}</usr/share/texlive/texmf-dist/fonts/type1/public/incon
solata/Inconsolata-zi4r.pfb></usr/share/texlive/texmf-dist/fonts/type1/public/a
msfonts/cm/cmsy10.pfb></usr/share/texlive/texmf-dist/fonts/type1/urw/helvetic/u
hvr8a.pfb></usr/share/texlive/texmf-dist/fonts/type1/urw/times/utmb8a.pfb></usr
/share/texlive/texmf-dist/fonts/type1/urw/times/utmr8a.pfb></usr/share/texlive/
texmf-dist/fonts/type1/urw/times/utmr8a.pfb></usr/share/texlive/texmf-dist/font
s/type1/urw/times/utmri8a.pfb>
Output written on Rd2.pdf (11 pages, 114406 bytes).
Transcript written on Rd2.log.
This is makeindex, version 2.15 [TeX Live 2013] (kpathsea + Thai support).
Scanning input file Rd2.idx....done (22 entries accepted, 0 rejected).
Sorting entries....done (102 comparisons).
Generating output file Rd2.ind....done (48 lines written, 0 warnings).
Output written in Rd2.ind.
Transcript written in Rd2.ilg.
This is pdfTeX, Version 3.1415926-2.5-1.40.14 (TeX Live 2013/Debian)
 restricted \write18 enabled.
entering extended mode
LaTeX2e <2011/06/27>
Babel <3.9h> and hyphenation patterns for 2 languages loaded.
(./Rd2.tex
(/usr/share/texlive/texmf-dist/tex/latex/base/book.cls
Document Class: book 2007/10/19 v1.4h Standard LaTeX document class
(/usr/share/texlive/texmf-dist/tex/latex/base/bk10.clo))
(/usr/share/R/share/texmf/tex/latex/Rd.sty
(/usr/share/texlive/texmf-dist/tex/latex/base/ifthen.sty)
(/usr/share/texlive/texmf-dist/tex/latex/tools/longtable.sty)
(/usr/share/texlive/texmf-dist/tex/latex/tools/bm.sty)
(/usr/share/texlive/texmf-dist/tex/latex/base/alltt.sty)
(/usr/share/texlive/texmf-dist/tex/latex/tools/verbatim.sty)
(/usr/share/texlive/texmf-dist/tex/latex/url/url.sty)
(/usr/share/texlive/texmf-dist/tex/latex/base/textcomp.sty
(/usr/share/texlive/texmf-dist/tex/latex/base/ts1enc.def))
(/usr/share/texlive/texmf-dist/tex/latex/base/fontenc.sty
(/usr/share/texlive/texmf-dist/tex/latex/base/t1enc.def))
(/usr/share/texlive/texmf-dist/tex/latex/psnfss/times.sty)
(/usr/share/texlive/texmf-dist/tex/latex/inconsolata/inconsolata.sty
(/usr/share/texlive/texmf-dist/tex/latex/graphics/keyval.sty))
(/usr/share/texlive/texmf-dist/tex/latex/graphics/color.sty
(/etc/texmf/tex/latex/config/color.cfg)
(/usr/share/texlive/texmf-dist/tex/latex/pdftex-def/pdftex.def
(/usr/share/texlive/texmf-dist/tex/generic/oberdiek/infwarerr.sty)
(/usr/share/texlive/texmf-dist/tex/generic/oberdiek/ltxcmds.sty)))
(/usr/share/texlive/texmf-dist/tex/latex/hyperref/hyperref.sty
(/usr/share/texlive/texmf-dist/tex/generic/oberdiek/hobsub-hyperref.sty
(/usr/share/texlive/texmf-dist/tex/generic/oberdiek/hobsub-generic.sty))
(/usr/share/texlive/texmf-dist/tex/generic/ifxetex/ifxetex.sty)
(/usr/share/texlive/texmf-dist/tex/latex/oberdiek/auxhook.sty)
(/usr/share/texlive/texmf-dist/tex/latex/oberdiek/kvoptions.sty)
(/usr/share/texlive/texmf-dist/tex/latex/hyperref/pd1enc.def)
(/usr/share/texlive/texmf-dist/tex/latex/latexconfig/hyperref.cfg))

Package hyperref Message: Driver (autodetected): hpdftex.

(/usr/share/texlive/texmf-dist/tex/latex/hyperref/hpdftex.def
(/usr/share/texlive/texmf-dist/tex/latex/oberdiek/rerunfilecheck.sty))

Package hyperref Warning: Option `hyperindex' has already been used,
(hyperref)                setting the option has no effect on input line 361.


Package hyperref Warning: Option `pagebackref' has already been used,
(hyperref)                setting the option has no effect on input line 361.

) (/usr/share/texlive/texmf-dist/tex/latex/base/makeidx.sty)
(/usr/share/texlive/texmf-dist/tex/latex/base/inputenc.sty
(/usr/share/texlive/texmf-dist/tex/latex/base/utf8.def
(/usr/share/texlive/texmf-dist/tex/latex/base/t1enc.dfu)
(/usr/share/texlive/texmf-dist/tex/latex/base/ot1enc.dfu)
(/usr/share/texlive/texmf-dist/tex/latex/base/omsenc.dfu)
(/usr/share/texlive/texmf-dist/tex/latex/base/ts1enc.dfu))
(/usr/share/texlive/texmf-dist/tex/latex/base/latin1.def))
Writing index file Rd2.idx
(./Rd2.aux) (/usr/share/texlive/texmf-dist/tex/latex/base/ts1cmr.fd)
(/usr/share/texlive/texmf-dist/tex/latex/psnfss/t1ptm.fd)
(/usr/share/texlive/texmf-dist/tex/latex/upquote/upquote.sty)
(/usr/share/texlive/texmf-dist/tex/context/base/supp-pdf.mkii
[Loading MPS to PDF converter (version 2006.09.02).]
) (/usr/share/texlive/texmf-dist/tex/latex/hyperref/nameref.sty
(/usr/share/texlive/texmf-dist/tex/generic/oberdiek/gettitlestring.sty))
(./Rd2.out) (./Rd2.out)
(/usr/share/texlive/texmf-dist/tex/latex/inconsolata/t1zi4.fd)
(/usr/share/texlive/texmf-dist/tex/latex/psnfss/t1phv.fd) (./Rd2.toc)
(/usr/share/texlive/texmf-dist/tex/latex/base/utf8.def) [1{/var/lib/texmf/fonts
/map/pdftex/updmap/pdftex.map}]
(/usr/share/texlive/texmf-dist/tex/latex/base/utf8.def) [2]
(/usr/share/texlive/texmf-dist/tex/latex/base/utf8.def)
(/usr/share/texlive/texmf-dist/tex/latex/base/utf8.def) [3] [4]
Overfull \hbox (54.78091pt too wide) in paragraph at lines 194--194
 []\T1/zi4/m/n/9 print(paste("Estimated Z is", round(result$par,3), "+-", round
(sqrt(diag(solve(result$hessian))),3)))[] 
(/usr/share/texlive/texmf-dist/tex/latex/base/utf8.def) [5]
Overfull \hbox (116.88092pt too wide) in paragraph at lines 271--271
 []\T1/zi4/m/n/9 print(paste("Estimated catchability is", round(best.qM.est$par
[1],3), "+-", round(errors[1],3), as.character(csf)))[] 
(/usr/share/texlive/texmf-dist/tex/latex/base/utf8.def) [6]
Overfull \hbox (34.08096pt too wide) in paragraph at lines 313--313
 []\T1/zi4/m/n/9 sim <- GenerateData2(max.age = max.age, nb.of.cohort = 30) # G
enerate catch using gear selectivity[] 

Overfull \hbox (670.3811pt too wide) in paragraph at lines 316--316
 []\T1/zi4/m/n/9 result <- optim(par = c(0.2,1), fn = llfunc3, catch = sim$catc
h, effort = sim$effort, catchability.scaling.factor = 1e-4, selectivity.at.age 
=  c(0,0,seq(1/(max.age - 3), (max.age - 4)/(max.age - 3), length = max.age - 4
), 1,1), hessian = TRUE)[] 

Overfull \hbox (61.08093pt too wide) in paragraph at lines 319--319
 []\T1/zi4/m/n/9 print(paste("Estimated catchability is", round(result$par[1],3
), "+-", round(errors[1],3), " x 10^-4"))[] 
(/usr/share/texlive/texmf-dist/tex/latex/base/utf8.def)
Overfull \hbox (34.08096pt too wide) in paragraph at lines 358--358
 []\T1/zi4/m/n/9 sim <- GenerateData2(max.age = max.age, nb.of.cohort = 30) # G
enerate catch using gear selectivity[] 

Overfull \hbox (403.98102pt too wide) in paragraph at lines 361--361
 []\T1/zi4/m/n/9 result2 <- optim(par = c(0.2,1, c(rep(1e-12,5), rep(1, max.age
-5))), fn = llfunc4, catch = sim$catch, effort = sim$effort, catchability.scali
ng.factor = 1e-4, method = c("L-BFGS-B"),[] 
[7]
Overfull \hbox (168.18103pt too wide) in paragraph at lines 362--362
 []       \T1/zi4/m/n/9 lower = c(5e-2,5e-2, rep(1e-12, max.age)), upper = c(10
,0.5, rep(1, max.age)), hessian = TRUE, control = list(maxit = 1e3))[] 
(/usr/share/texlive/texmf-dist/tex/latex/base/utf8.def)
Overfull \hbox (34.08096pt too wide) in paragraph at lines 403--403
 []\T1/zi4/m/n/9 sim <- GenerateData2(max.age = max.age, nb.of.cohort = 30) # G
enerate catch using gear selectivity[] 

Overfull \hbox (342.781pt too wide) in paragraph at lines 406--406
 []\T1/zi4/m/n/9 result3 <- optim(par = c(0.2,1, rep(1e-12,max.age-2)), fn = ll
func5, catch = sim$catch, effort = sim$effort, catchability.scaling.factor = 1e
-4, method = c("L-BFGS-B"),[] 

Overfull \hbox (186.18103pt too wide) in paragraph at lines 407--407
 []       \T1/zi4/m/n/9 lower = c(5e-2,5e-2, rep(1e-12, max.age-2)), upper = c(
10,0.5, rep(1, max.age-2)), hessian = TRUE, control = list(maxit = 1e3))[] 
[8] (/usr/share/texlive/texmf-dist/tex/latex/base/utf8.def)
(/usr/share/texlive/texmf-dist/tex/latex/base/utf8.def)
(/usr/share/texlive/texmf-dist/tex/latex/base/utf8.def) [9] (./Rd2.ind [10]
[11]) (./Rd2.aux) )
(see the transcript file for additional information){/usr/share/texlive/texmf-d
ist/fonts/enc/dvips/base/8r.enc}{/usr/share/texlive/texmf-dist/fonts/enc/dvips/
inconsolata/i4-t1-0.enc}</usr/share/texlive/texmf-dist/fonts/type1/public/incon
solata/Inconsolata-zi4r.pfb></usr/share/texlive/texmf-dist/fonts/type1/public/a
msfonts/cm/cmsy10.pfb></usr/share/texlive/texmf-dist/fonts/type1/urw/helvetic/u
hvr8a.pfb></usr/share/texlive/texmf-dist/fonts/type1/urw/times/utmb8a.pfb></usr
/share/texlive/texmf-dist/fonts/type1/urw/times/utmr8a.pfb></usr/share/texlive/
texmf-dist/fonts/type1/urw/times/utmr8a.pfb></usr/share/texlive/texmf-dist/font
s/type1/urw/times/utmri8a.pfb>
Output written on Rd2.pdf (11 pages, 114935 bytes).
Transcript written on Rd2.log.
Saving output to 'SAFR-manual.pdf' ...
Done
You may want to clean up by 'rm -rf /tmp/RtmpB0tJEn/Rd2pdf417311813c48'
